\BOOKMARK [0][-]{chapter.1}{\376\377\000I\000n\000t\000r\000o\000d\000u\000c\000t\000i\000o\000n}{}% 1
\BOOKMARK [1][-]{section.1.1}{\376\377\000C\000o\000n\000t\000e\000x\000t\000e\000\040\000d\000u\000\040\000P\000r\000o\000j\000e\000t}{chapter.1}% 2
\BOOKMARK [1][-]{section.1.2}{\376\377\000O\000b\000j\000e\000c\000t\000i\000f\000s}{chapter.1}% 3
\BOOKMARK [1][-]{section.1.3}{\376\377\000T\000e\000c\000h\000n\000o\000l\000o\000g\000i\000e\000s\000\040\000U\000t\000i\000l\000i\000s\000\351\000e\000s}{chapter.1}% 4
\BOOKMARK [1][-]{section.1.4}{\376\377\000O\000r\000g\000a\000n\000i\000s\000a\000t\000i\000o\000n\000\040\000d\000u\000\040\000R\000a\000p\000p\000o\000r\000t}{chapter.1}% 5
\BOOKMARK [0][-]{chapter.2}{\376\377\000A\000n\000a\000l\000y\000s\000e\000\040\000L\000e\000x\000i\000c\000a\000l\000e\000\040\000\050\000T\000P\0002\000\051}{}% 6
\BOOKMARK [1][-]{section.2.1}{\376\377\000I\000n\000t\000r\000o\000d\000u\000c\000t\000i\000o\000n}{chapter.2}% 7
\BOOKMARK [1][-]{section.2.2}{\376\377\000T\000o\000k\000e\000n\000s\000\040\000R\000e\000c\000o\000n\000n\000u\000s}{chapter.2}% 8
\BOOKMARK [2][-]{subsection.2.2.1}{\376\377\000M\000o\000t\000s\000-\000c\000l\000\351\000s}{section.2.2}% 9
\BOOKMARK [2][-]{subsection.2.2.2}{\376\377\000D\000\351\000l\000i\000m\000i\000t\000e\000u\000r\000s\000\040\000e\000t\000\040\000O\000p\000\351\000r\000a\000t\000e\000u\000r\000s}{section.2.2}% 10
\BOOKMARK [2][-]{subsection.2.2.3}{\376\377\000I\000d\000e\000n\000t\000i\000f\000i\000a\000n\000t\000s\000\040\000e\000t\000\040\000S\000y\000m\000b\000o\000l\000e\000s}{section.2.2}% 11
\BOOKMARK [1][-]{section.2.3}{\376\377\000I\000m\000p\000l\000\351\000m\000e\000n\000t\000a\000t\000i\000o\000n\000\040\000a\000v\000e\000c\000\040\000F\000l\000e\000x}{chapter.2}% 12
\BOOKMARK [1][-]{section.2.4}{\376\377\000A\000m\000\351\000l\000i\000o\000r\000a\000t\000i\000o\000n\000\040\000:\000\040\000S\000u\000i\000v\000i\000\040\000d\000e\000s\000\040\000C\000o\000l\000o\000n\000n\000e\000s}{chapter.2}% 13
\BOOKMARK [1][-]{section.2.5}{\376\377\000C\000h\000o\000i\000x\000\040\000d\000e\000\040\000S\000t\000y\000l\000e\000\040\000:\000\040\000F\000r\000a\000n\000\347\000a\000i\000s\000\040\000/\000\040\000D\000a\000r\000i\000j\000a}{chapter.2}% 14
\BOOKMARK [0][-]{chapter.3}{\376\377\000A\000n\000a\000l\000y\000s\000e\000\040\000S\000y\000n\000t\000a\000x\000i\000q\000u\000e\000\040\000\050\000T\000P\0003\000\051}{}% 15
\BOOKMARK [1][-]{section.3.1}{\376\377\000I\000n\000t\000r\000o\000d\000u\000c\000t\000i\000o\000n}{chapter.3}% 16
\BOOKMARK [1][-]{section.3.2}{\376\377\000G\000r\000a\000m\000m\000a\000i\000r\000e\000\040\000d\000u\000\040\000L\000a\000n\000g\000a\000g\000e\000\040\000A\000F\000D}{chapter.3}% 17
\BOOKMARK [2][-]{subsection.3.2.1}{\376\377\000R\000\350\000g\000l\000e\000\040\000P\000r\000i\000n\000c\000i\000p\000a\000l\000e}{section.3.2}% 18
\BOOKMARK [2][-]{subsection.3.2.2}{\376\377\000S\000e\000c\000t\000i\000o\000n\000s\000\040\000d\000e\000\040\000l\000'\000A\000u\000t\000o\000m\000a\000t\000e}{section.3.2}% 19
\BOOKMARK [1][-]{section.3.3}{\376\377\000A\000c\000t\000i\000o\000n\000s\000\040\000S\000\351\000m\000a\000n\000t\000i\000q\000u\000e\000s}{chapter.3}% 20
\BOOKMARK [1][-]{section.3.4}{\376\377\000C\000o\000n\000s\000t\000r\000u\000c\000t\000i\000o\000n\000\040\000d\000e\000\040\000l\000a\000\040\000S\000t\000r\000u\000c\000t\000u\000r\000e}{chapter.3}% 21
\BOOKMARK [1][-]{section.3.5}{\376\377\000G\000e\000s\000t\000i\000o\000n\000\040\000d\000e\000s\000\040\000E\000r\000r\000e\000u\000r\000s}{chapter.3}% 22
\BOOKMARK [1][-]{section.3.6}{\376\377\000C\000o\000m\000m\000u\000n\000i\000c\000a\000t\000i\000o\000n\000\040\000L\000e\000x\000e\000r\000-\000P\000a\000r\000s\000e\000r}{chapter.3}% 23
\BOOKMARK [0][-]{chapter.4}{\376\377\000S\000t\000r\000u\000c\000t\000u\000r\000e\000s\000\040\000d\000e\000\040\000D\000o\000n\000n\000\351\000e\000s}{}% 24
\BOOKMARK [1][-]{section.4.1}{\376\377\000I\000n\000t\000r\000o\000d\000u\000c\000t\000i\000o\000n}{chapter.4}% 25
\BOOKMARK [1][-]{section.4.2}{\376\377\000S\000t\000r\000u\000c\000t\000u\000r\000e\000\040\000T\000r\000a\000n\000s\000i\000t\000i\000o\000n}{chapter.4}% 26
\BOOKMARK [2][-]{subsection.4.2.1}{\376\377\000J\000u\000s\000t\000i\000f\000i\000c\000a\000t\000i\000o\000n\000\040\000:\000\040\000L\000i\000s\000t\000e\000\040\000C\000h\000a\000\356\000n\000\351\000e}{section.4.2}% 27
\BOOKMARK [1][-]{section.4.3}{\376\377\000S\000t\000r\000u\000c\000t\000u\000r\000e\000\040\000A\000u\000t\000o\000m\000a\000t\000e}{chapter.4}% 28
\BOOKMARK [2][-]{subsection.4.3.1}{\376\377\000C\000h\000a\000m\000p\000s\000\040\000d\000e\000\040\000l\000a\000\040\000S\000t\000r\000u\000c\000t\000u\000r\000e}{section.4.3}% 29
\BOOKMARK [1][-]{section.4.4}{\376\377\000U\000t\000i\000l\000i\000s\000a\000t\000i\000o\000n\000\040\000c\000o\000m\000m\000e\000\040\000T\000a\000b\000l\000e\000\040\000d\000e\000s\000\040\000S\000y\000m\000b\000o\000l\000e\000s}{chapter.4}% 30
\BOOKMARK [1][-]{section.4.5}{\376\377\000A\000l\000l\000o\000c\000a\000t\000i\000o\000n\000\040\000D\000y\000n\000a\000m\000i\000q\000u\000e}{chapter.4}% 31
\BOOKMARK [1][-]{section.4.6}{\376\377\000V\000a\000r\000i\000a\000b\000l\000e\000\040\000G\000l\000o\000b\000a\000l\000e}{chapter.4}% 32
\BOOKMARK [1][-]{section.4.7}{\376\377\000A\000v\000a\000n\000t\000a\000g\000e\000s\000\040\000d\000e\000\040\000c\000e\000t\000t\000e\000\040\000A\000r\000c\000h\000i\000t\000e\000c\000t\000u\000r\000e}{chapter.4}% 33
\BOOKMARK [0][-]{chapter.5}{\376\377\000A\000m\000\351\000l\000i\000o\000r\000a\000t\000i\000o\000n\000s\000\040\000e\000t\000\040\000F\000o\000n\000c\000t\000i\000o\000n\000n\000a\000l\000i\000t\000\351\000s\000\040\000\311\000l\000i\000t\000e\000s}{}% 34
\BOOKMARK [1][-]{section.5.1}{\376\377\000I\000n\000t\000r\000o\000d\000u\000c\000t\000i\000o\000n}{chapter.5}% 35
\BOOKMARK [1][-]{section.5.2}{\376\377\000A\000m\000\351\000l\000i\000o\000r\000a\000t\000i\000o\000n\000\040\0001\000\040\000:\000\040\000V\000\351\000r\000i\000f\000i\000c\000a\000t\000i\000o\000n\000\040\000d\000u\000\040\000D\000\351\000t\000e\000r\000m\000i\000n\000i\000s\000m\000e}{chapter.5}% 36
\BOOKMARK [2][-]{subsection.5.2.1}{\376\377\000P\000r\000o\000b\000l\000\350\000m\000e}{section.5.2}% 37
\BOOKMARK [2][-]{subsection.5.2.2}{\376\377\000S\000o\000l\000u\000t\000i\000o\000n\000\040\000I\000m\000p\000l\000\351\000m\000e\000n\000t\000\351\000e}{section.5.2}% 38
\BOOKMARK [2][-]{subsection.5.2.3}{\376\377\000I\000m\000p\000a\000c\000t}{section.5.2}% 39
\BOOKMARK [1][-]{section.5.3}{\376\377\000A\000m\000\351\000l\000i\000o\000r\000a\000t\000i\000o\000n\000\040\0002\000\040\000:\000\040\000S\000i\000m\000u\000l\000a\000t\000e\000u\000r\000\040\000d\000'\000E\000x\000\351\000c\000u\000t\000i\000o\000n}{chapter.5}% 40
\BOOKMARK [2][-]{subsection.5.3.1}{\376\377\000O\000b\000j\000e\000c\000t\000i\000f}{section.5.3}% 41
\BOOKMARK [2][-]{subsection.5.3.2}{\376\377\000I\000m\000p\000l\000\351\000m\000e\000n\000t\000a\000t\000i\000o\000n}{section.5.3}% 42
\BOOKMARK [2][-]{subsection.5.3.3}{\376\377\000S\000y\000n\000t\000a\000x\000e\000\040\000U\000t\000i\000l\000i\000s\000a\000t\000e\000u\000r}{section.5.3}% 43
\BOOKMARK [2][-]{subsection.5.3.4}{\376\377\000E\000x\000e\000m\000p\000l\000e\000\040\000d\000e\000\040\000S\000o\000r\000t\000i\000e}{section.5.3}% 44
\BOOKMARK [1][-]{section.5.4}{\376\377\000A\000m\000\351\000l\000i\000o\000r\000a\000t\000i\000o\000n\000\040\0003\000\040\000:\000\040\000E\000x\000p\000o\000r\000t\000\040\000G\000r\000a\000p\000h\000v\000i\000z}{chapter.5}% 45
\BOOKMARK [2][-]{subsection.5.4.1}{\376\377\000O\000b\000j\000e\000c\000t\000i\000f}{section.5.4}% 46
\BOOKMARK [2][-]{subsection.5.4.2}{\376\377\000F\000o\000r\000m\000a\000t\000\040\000D\000O\000T}{section.5.4}% 47
\BOOKMARK [2][-]{subsection.5.4.3}{\376\377\000U\000t\000i\000l\000i\000s\000a\000t\000i\000o\000n}{section.5.4}% 48
\BOOKMARK [1][-]{section.5.5}{\376\377\000T\000a\000b\000l\000e\000a\000u\000\040\000R\000\351\000c\000a\000p\000i\000t\000u\000l\000a\000t\000i\000f}{chapter.5}% 49
\BOOKMARK [0][-]{chapter.6}{\376\377\000C\000o\000n\000c\000l\000u\000s\000i\000o\000n}{}% 50
\BOOKMARK [1][-]{section.6.1}{\376\377\000B\000i\000l\000a\000n\000\040\000d\000u\000\040\000P\000r\000o\000j\000e\000t}{chapter.6}% 51
\BOOKMARK [2][-]{subsection.6.1.1}{\376\377\000O\000b\000j\000e\000c\000t\000i\000f\000s\000\040\000A\000t\000t\000e\000i\000n\000t\000s}{section.6.1}% 52
\BOOKMARK [2][-]{subsection.6.1.2}{\376\377\000C\000o\000m\000p\000\351\000t\000e\000n\000c\000e\000s\000\040\000D\000\351\000v\000e\000l\000o\000p\000p\000\351\000e\000s}{section.6.1}% 53
\BOOKMARK [1][-]{section.6.2}{\376\377\000P\000o\000i\000n\000t\000s\000\040\000F\000o\000r\000t\000s\000\040\000d\000u\000\040\000P\000r\000o\000j\000e\000t}{chapter.6}% 54
\BOOKMARK [2][-]{subsection.6.2.1}{\376\377\000R\000o\000b\000u\000s\000t\000e\000s\000s\000e}{section.6.2}% 55
\BOOKMARK [2][-]{subsection.6.2.2}{\376\377\000F\000o\000n\000c\000t\000i\000o\000n\000n\000a\000l\000i\000t\000\351\000s\000\040\000C\000o\000m\000p\000l\000\350\000t\000e\000s}{section.6.2}% 56
\BOOKMARK [2][-]{subsection.6.2.3}{\376\377\000I\000d\000e\000n\000t\000i\000t\000\351\000\040\000U\000n\000i\000q\000u\000e}{section.6.2}% 57
\BOOKMARK [1][-]{section.6.3}{\376\377\000P\000e\000r\000s\000p\000e\000c\000t\000i\000v\000e\000s\000\040\000d\000'\000A\000m\000\351\000l\000i\000o\000r\000a\000t\000i\000o\000n}{chapter.6}% 58
\BOOKMARK [1][-]{section.6.4}{\376\377\000C\000o\000n\000c\000l\000u\000s\000i\000o\000n\000\040\000G\000\351\000n\000\351\000r\000a\000l\000e}{chapter.6}% 59
